2024-05-30 12:08:27,659:WARNING:
'cuml' is a soft dependency and not included in the pycaret installation. Please run: `pip install cuml` to install.
2024-05-30 12:08:27,659:WARNING:
'cuml' is a soft dependency and not included in the pycaret installation. Please run: `pip install cuml` to install.
2024-05-30 12:08:27,659:WARNING:
'cuml' is a soft dependency and not included in the pycaret installation. Please run: `pip install cuml` to install.
2024-05-30 12:08:27,659:WARNING:
'cuml' is a soft dependency and not included in the pycaret installation. Please run: `pip install cuml` to install.
2024-05-30 12:08:32,623:INFO:PyCaret ClassificationExperiment
2024-05-30 12:08:32,623:INFO:Logging name: clf-default-name
2024-05-30 12:08:32,625:INFO:ML Usecase: MLUsecase.CLASSIFICATION
2024-05-30 12:08:32,625:INFO:version 3.3.2
2024-05-30 12:08:32,625:INFO:Initializing setup()
2024-05-30 12:08:32,625:INFO:self.USI: 8332
2024-05-30 12:08:32,625:INFO:self._variable_keys: {'target_param', 'fix_imbalance', 'gpu_n_jobs_param', 'html_param', 'X_test', 'logging_param', 'fold_generator', 'gpu_param', 'idx', 'exp_id', 'fold_groups_param', 'seed', 'y', 'y_train', 'exp_name_log', 'is_multiclass', 'n_jobs_param', 'log_plots_param', 'pipeline', 'X', '_ml_usecase', '_available_plots', 'data', 'USI', 'memory', 'X_train', 'y_test', 'fold_shuffle_param'}
2024-05-30 12:08:32,625:INFO:Checking environment
2024-05-30 12:08:32,625:INFO:python_version: 3.10.6
2024-05-30 12:08:32,625:INFO:python_build: ('tags/v3.10.6:9c7b4bd', 'Aug  1 2022 21:53:49')
2024-05-30 12:08:32,625:INFO:machine: AMD64
2024-05-30 12:08:32,644:INFO:platform: Windows-10-10.0.22631-SP0
2024-05-30 12:08:32,655:INFO:Memory: svmem(total=7951998976, available=1156526080, percent=85.5, used=6795472896, free=1156526080)
2024-05-30 12:08:32,655:INFO:Physical Core: 6
2024-05-30 12:08:32,655:INFO:Logical Core: 12
2024-05-30 12:08:32,655:INFO:Checking libraries
2024-05-30 12:08:32,655:INFO:System:
2024-05-30 12:08:32,655:INFO:    python: 3.10.6 (tags/v3.10.6:9c7b4bd, Aug  1 2022, 21:53:49) [MSC v.1932 64 bit (AMD64)]
2024-05-30 12:08:32,655:INFO:executable: C:\laragon\bin\python\python-3.10\python.exe
2024-05-30 12:08:32,655:INFO:   machine: Windows-10-10.0.22631-SP0
2024-05-30 12:08:32,655:INFO:PyCaret required dependencies:
2024-05-30 12:08:35,357:INFO:                 pip: 24.0
2024-05-30 12:08:35,357:INFO:          setuptools: 63.2.0
2024-05-30 12:08:35,357:INFO:             pycaret: 3.3.2
2024-05-30 12:08:35,357:INFO:             IPython: 8.24.0
2024-05-30 12:08:35,357:INFO:          ipywidgets: 8.1.3
2024-05-30 12:08:35,357:INFO:                tqdm: 4.66.4
2024-05-30 12:08:35,357:INFO:               numpy: 1.26.4
2024-05-30 12:08:35,357:INFO:              pandas: 2.1.4
2024-05-30 12:08:35,357:INFO:              jinja2: 3.1.4
2024-05-30 12:08:35,357:INFO:               scipy: 1.11.4
2024-05-30 12:08:35,357:INFO:              joblib: 1.3.2
2024-05-30 12:08:35,357:INFO:             sklearn: 1.4.2
2024-05-30 12:08:35,357:INFO:                pyod: 1.1.3
2024-05-30 12:08:35,357:INFO:            imblearn: 0.12.3
2024-05-30 12:08:35,357:INFO:   category_encoders: 2.6.3
2024-05-30 12:08:35,357:INFO:            lightgbm: 4.3.0
2024-05-30 12:08:35,357:INFO:               numba: 0.59.1
2024-05-30 12:08:35,357:INFO:            requests: 2.32.3
2024-05-30 12:08:35,357:INFO:          matplotlib: 3.7.5
2024-05-30 12:08:35,357:INFO:          scikitplot: 0.3.7
2024-05-30 12:08:35,357:INFO:         yellowbrick: 1.5
2024-05-30 12:08:35,357:INFO:              plotly: 5.22.0
2024-05-30 12:08:35,357:INFO:    plotly-resampler: Not installed
2024-05-30 12:08:35,357:INFO:             kaleido: 0.2.1
2024-05-30 12:08:35,357:INFO:           schemdraw: 0.15
2024-05-30 12:08:35,357:INFO:         statsmodels: 0.14.2
2024-05-30 12:08:35,357:INFO:              sktime: 0.26.0
2024-05-30 12:08:35,357:INFO:               tbats: 1.1.3
2024-05-30 12:08:35,357:INFO:            pmdarima: 2.0.4
2024-05-30 12:08:35,357:INFO:              psutil: 5.9.8
2024-05-30 12:08:35,357:INFO:          markupsafe: 2.1.5
2024-05-30 12:08:35,357:INFO:             pickle5: Not installed
2024-05-30 12:08:35,357:INFO:         cloudpickle: 3.0.0
2024-05-30 12:08:35,357:INFO:         deprecation: 2.1.0
2024-05-30 12:08:35,357:INFO:              xxhash: 3.4.1
2024-05-30 12:08:35,357:INFO:           wurlitzer: Not installed
2024-05-30 12:08:35,357:INFO:PyCaret optional dependencies:
2024-05-30 12:08:40,750:INFO:                shap: 0.44.1
2024-05-30 12:08:40,750:INFO:           interpret: 0.6.1
2024-05-30 12:08:40,750:INFO:                umap: 0.5.6
2024-05-30 12:08:40,765:INFO:     ydata_profiling: 4.8.3
2024-05-30 12:08:40,765:INFO:  explainerdashboard: 0.4.7
2024-05-30 12:08:40,765:INFO:             autoviz: Not installed
2024-05-30 12:08:40,765:INFO:           fairlearn: 0.7.0
2024-05-30 12:08:40,765:INFO:          deepchecks: Not installed
2024-05-30 12:08:40,765:INFO:             xgboost: 2.0.3
2024-05-30 12:08:40,765:INFO:            catboost: 1.2.5
2024-05-30 12:08:40,765:INFO:              kmodes: 0.12.2
2024-05-30 12:08:40,765:INFO:             mlxtend: 0.23.1
2024-05-30 12:08:40,765:INFO:       statsforecast: 1.5.0
2024-05-30 12:08:40,765:INFO:        tune_sklearn: Not installed
2024-05-30 12:08:40,765:INFO:                 ray: Not installed
2024-05-30 12:08:40,765:INFO:            hyperopt: 0.2.7
2024-05-30 12:08:40,765:INFO:              optuna: 3.6.1
2024-05-30 12:08:40,765:INFO:               skopt: 0.10.1
2024-05-30 12:08:40,765:INFO:              mlflow: 2.13.0
2024-05-30 12:08:40,765:INFO:              gradio: 4.32.0
2024-05-30 12:08:40,765:INFO:             fastapi: 0.111.0
2024-05-30 12:08:40,765:INFO:             uvicorn: 0.30.0
2024-05-30 12:08:40,765:INFO:              m2cgen: 0.10.0
2024-05-30 12:08:40,765:INFO:           evidently: 0.4.25
2024-05-30 12:08:40,765:INFO:               fugue: 0.8.7
2024-05-30 12:08:40,765:INFO:           streamlit: Not installed
2024-05-30 12:08:40,765:INFO:             prophet: Not installed
2024-05-30 12:08:40,765:INFO:None
2024-05-30 12:08:40,765:INFO:Set up data.
2024-05-30 12:13:46,541:WARNING:d:\random\python-random-project\aa.py:19: FutureWarning: DataFrame.applymap has been deprecated. Use DataFrame.map instead.
  basket_sets = basket.applymap(lambda x: 1 if x >= 1 else 0)

2024-05-30 12:13:47,057:WARNING:C:\laragon\bin\python\python-3.10\lib\site-packages\mlxtend\frequent_patterns\fpcommon.py:109: DeprecationWarning: DataFrames with non-bool types result in worse computationalperformance and their support might be discontinued in the future.Please use a DataFrame with bool type
  warnings.warn(

2024-05-30 12:52:11,630:WARNING:d:\random\python-random-project\tempCodeRunnerFile.py:19: FutureWarning: DataFrame.applymap has been deprecated. Use DataFrame.map instead.
  basket_sets = basket.applymap(lambda x: 1 if x >= 1 else 0)

2024-05-30 12:52:12,118:WARNING:C:\laragon\bin\python\python-3.10\lib\site-packages\mlxtend\frequent_patterns\fpcommon.py:109: DeprecationWarning: DataFrames with non-bool types result in worse computationalperformance and their support might be discontinued in the future.Please use a DataFrame with bool type
  warnings.warn(

